2017/11/02 22:04;STARTING CLIENT;0;OK
2017/11/02 22:04;CONNECTING;0;OK
2017/11/02 22:04;USER LOGIN;0;OK
2017/11/02 22:04;DISCONNECTED;0;OK
2017/11/02 23:21;STARTING CLIENT;0;OK
2017/11/02 23:21;CONNECTING;0;OK
2017/11/02 23:21;USER LOGIN;0;OK
2017/11/02 23:22;ADDING NEW USER mac;0;OK
2017/11/02 23:22;USER ADDED;20;UNKNOWN USER
2017/11/02 23:28;ADDING NEW USER mac;0;OK
2017/11/02 23:28;USER ADDED;0;OK
2017/11/02 23:28;SENDING MESSAGE TO mac;0;OK
2017/11/02 23:28;MESSAGE DELIVERY TO mac;0;OK
2017/11/02 23:28;SENDING MESSAGE TO mac;0;OK
2017/11/02 23:28;MESSAGE DELIVERY TO mac;0;OK
2017/11/02 23:28;SENDING MESSAGE TO mac;0;OK
2017/11/02 23:28;MESSAGE DELIVERY TO mac;0;OK
2017/11/02 23:28;SENDING MESSAGE TO mac;0;OK
2017/11/02 23:28;MESSAGE DELIVERY TO mac;0;OK
2017/11/02 23:41;DISCONNECTED;0;OK
2017/11/02 23:41;STARTING CLIENT;0;OK
2017/11/02 23:41;CONNECTING;0;OK
2017/11/02 23:41;USER LOGIN;0;OK
2017/11/02 23:42;DISCONNECTED;0;OK
2017/11/02 23:42;STARTING CLIENT;0;OK
2017/11/02 23:42;CONNECTING;0;OK
2017/11/02 23:42;USER LOGIN;0;OK
2017/11/02 23:44;SENDING MESSAGE TO mac;0;OK
2017/11/02 23:44;MESSAGE DELIVERY TO mac;0;OK
2017/11/02 23:45;DISCONNECTED;0;OK
2017/11/03 00:14;STARTING CLIENT;0;OK
2017/11/03 00:14;CONNECTING;0;OK
2017/11/03 00:15;USER LOGIN;0;OK
2017/11/03 00:15;DISCONNECTED;0;OK
